<?xml version="1.0" encoding="UTF-8"?>
<testsuite xmlns:xsi="http://www.w3.org/2001/XMLSchema-instance" xsi:noNamespaceSchemaLocation="https://maven.apache.org/surefire/maven-surefire-plugin/xsd/surefire-test-report-3.0.xsd" version="3.0" name="com.zjjhy.springboot.SpringbootApplicationTests" time="3.456" tests="1" errors="0" skipped="0" failures="0">
  <properties>
    <property name="java.specification.version" value="21"/>
    <property name="sun.cpu.isalist" value="amd64"/>
    <property name="sun.jnu.encoding" value="GBK"/>
    <property name="java.class.path" value="D:\develop\idea_project\my_blog\springboot\target\test-classes;D:\develop\idea_project\my_blog\springboot\target\classes;D:\develop\software\apache-maven-3.9.6\mvn_repo\org\springframework\boot\spring-boot-starter-web\3.3.5\spring-boot-starter-web-3.3.5.jar;D:\develop\software\apache-maven-3.9.6\mvn_repo\org\springframework\boot\spring-boot-starter\3.3.5\spring-boot-starter-3.3.5.jar;D:\develop\software\apache-maven-3.9.6\mvn_repo\org\springframework\boot\spring-boot\3.3.5\spring-boot-3.3.5.jar;D:\develop\software\apache-maven-3.9.6\mvn_repo\org\springframework\boot\spring-boot-autoconfigure\3.3.5\spring-boot-autoconfigure-3.3.5.jar;D:\develop\software\apache-maven-3.9.6\mvn_repo\org\springframework\boot\spring-boot-starter-logging\3.3.5\spring-boot-starter-logging-3.3.5.jar;D:\develop\software\apache-maven-3.9.6\mvn_repo\ch\qos\logback\logback-classic\1.5.11\logback-classic-1.5.11.jar;D:\develop\software\apache-maven-3.9.6\mvn_repo\ch\qos\logback\logback-core\1.5.11\logback-core-1.5.11.jar;D:\develop\software\apache-maven-3.9.6\mvn_repo\org\apache\logging\log4j\log4j-to-slf4j\2.23.1\log4j-to-slf4j-2.23.1.jar;D:\develop\software\apache-maven-3.9.6\mvn_repo\org\apache\logging\log4j\log4j-api\2.23.1\log4j-api-2.23.1.jar;D:\develop\software\apache-maven-3.9.6\mvn_repo\org\slf4j\jul-to-slf4j\2.0.16\jul-to-slf4j-2.0.16.jar;D:\develop\software\apache-maven-3.9.6\mvn_repo\jakarta\annotation\jakarta.annotation-api\2.1.1\jakarta.annotation-api-2.1.1.jar;D:\develop\software\apache-maven-3.9.6\mvn_repo\org\yaml\snakeyaml\2.2\snakeyaml-2.2.jar;D:\develop\software\apache-maven-3.9.6\mvn_repo\org\springframework\boot\spring-boot-starter-json\3.3.5\spring-boot-starter-json-3.3.5.jar;D:\develop\software\apache-maven-3.9.6\mvn_repo\com\fasterxml\jackson\datatype\jackson-datatype-jdk8\2.17.2\jackson-datatype-jdk8-2.17.2.jar;D:\develop\software\apache-maven-3.9.6\mvn_repo\com\fasterxml\jackson\datatype\jackson-datatype-jsr310\2.17.2\jackson-datatype-jsr310-2.17.2.jar;D:\develop\software\apache-maven-3.9.6\mvn_repo\com\fasterxml\jackson\module\jackson-module-parameter-names\2.17.2\jackson-module-parameter-names-2.17.2.jar;D:\develop\software\apache-maven-3.9.6\mvn_repo\org\springframework\boot\spring-boot-starter-tomcat\3.3.5\spring-boot-starter-tomcat-3.3.5.jar;D:\develop\software\apache-maven-3.9.6\mvn_repo\org\apache\tomcat\embed\tomcat-embed-core\10.1.31\tomcat-embed-core-10.1.31.jar;D:\develop\software\apache-maven-3.9.6\mvn_repo\org\apache\tomcat\embed\tomcat-embed-el\10.1.31\tomcat-embed-el-10.1.31.jar;D:\develop\software\apache-maven-3.9.6\mvn_repo\org\apache\tomcat\embed\tomcat-embed-websocket\10.1.31\tomcat-embed-websocket-10.1.31.jar;D:\develop\software\apache-maven-3.9.6\mvn_repo\org\springframework\spring-web\6.1.14\spring-web-6.1.14.jar;D:\develop\software\apache-maven-3.9.6\mvn_repo\org\springframework\spring-beans\6.1.14\spring-beans-6.1.14.jar;D:\develop\software\apache-maven-3.9.6\mvn_repo\io\micrometer\micrometer-observation\1.13.6\micrometer-observation-1.13.6.jar;D:\develop\software\apache-maven-3.9.6\mvn_repo\io\micrometer\micrometer-commons\1.13.6\micrometer-commons-1.13.6.jar;D:\develop\software\apache-maven-3.9.6\mvn_repo\org\springframework\spring-webmvc\6.1.14\spring-webmvc-6.1.14.jar;D:\develop\software\apache-maven-3.9.6\mvn_repo\org\springframework\spring-aop\6.1.14\spring-aop-6.1.14.jar;D:\develop\software\apache-maven-3.9.6\mvn_repo\org\springframework\spring-context\6.1.14\spring-context-6.1.14.jar;D:\develop\software\apache-maven-3.9.6\mvn_repo\org\springframework\spring-expression\6.1.14\spring-expression-6.1.14.jar;D:\develop\software\apache-maven-3.9.6\mvn_repo\org\mybatis\spring\boot\mybatis-spring-boot-starter\3.0.3\mybatis-spring-boot-starter-3.0.3.jar;D:\develop\software\apache-maven-3.9.6\mvn_repo\org\springframework\boot\spring-boot-starter-jdbc\3.3.5\spring-boot-starter-jdbc-3.3.5.jar;D:\develop\software\apache-maven-3.9.6\mvn_repo\com\zaxxer\HikariCP\5.1.0\HikariCP-5.1.0.jar;D:\develop\software\apache-maven-3.9.6\mvn_repo\org\springframework\spring-jdbc\6.1.14\spring-jdbc-6.1.14.jar;D:\develop\software\apache-maven-3.9.6\mvn_repo\org\mybatis\spring\boot\mybatis-spring-boot-autoconfigure\3.0.3\mybatis-spring-boot-autoconfigure-3.0.3.jar;D:\develop\software\apache-maven-3.9.6\mvn_repo\org\mybatis\mybatis\3.5.14\mybatis-3.5.14.jar;D:\develop\software\apache-maven-3.9.6\mvn_repo\org\mybatis\mybatis-spring\3.0.3\mybatis-spring-3.0.3.jar;D:\develop\software\apache-maven-3.9.6\mvn_repo\com\mysql\mysql-connector-j\8.3.0\mysql-connector-j-8.3.0.jar;D:\develop\software\apache-maven-3.9.6\mvn_repo\org\springframework\boot\spring-boot-starter-test\3.3.5\spring-boot-starter-test-3.3.5.jar;D:\develop\software\apache-maven-3.9.6\mvn_repo\org\springframework\boot\spring-boot-test\3.3.5\spring-boot-test-3.3.5.jar;D:\develop\software\apache-maven-3.9.6\mvn_repo\org\springframework\boot\spring-boot-test-autoconfigure\3.3.5\spring-boot-test-autoconfigure-3.3.5.jar;D:\develop\software\apache-maven-3.9.6\mvn_repo\com\jayway\jsonpath\json-path\2.9.0\json-path-2.9.0.jar;D:\develop\software\apache-maven-3.9.6\mvn_repo\org\slf4j\slf4j-api\2.0.16\slf4j-api-2.0.16.jar;D:\develop\software\apache-maven-3.9.6\mvn_repo\jakarta\xml\bind\jakarta.xml.bind-api\4.0.2\jakarta.xml.bind-api-4.0.2.jar;D:\develop\software\apache-maven-3.9.6\mvn_repo\jakarta\activation\jakarta.activation-api\2.1.3\jakarta.activation-api-2.1.3.jar;D:\develop\software\apache-maven-3.9.6\mvn_repo\net\minidev\json-smart\2.5.1\json-smart-2.5.1.jar;D:\develop\software\apache-maven-3.9.6\mvn_repo\net\minidev\accessors-smart\2.5.1\accessors-smart-2.5.1.jar;D:\develop\software\apache-maven-3.9.6\mvn_repo\org\ow2\asm\asm\9.6\asm-9.6.jar;D:\develop\software\apache-maven-3.9.6\mvn_repo\org\assertj\assertj-core\3.25.3\assertj-core-3.25.3.jar;D:\develop\software\apache-maven-3.9.6\mvn_repo\net\bytebuddy\byte-buddy\1.14.19\byte-buddy-1.14.19.jar;D:\develop\software\apache-maven-3.9.6\mvn_repo\org\awaitility\awaitility\4.2.2\awaitility-4.2.2.jar;D:\develop\software\apache-maven-3.9.6\mvn_repo\org\hamcrest\hamcrest\2.2\hamcrest-2.2.jar;D:\develop\software\apache-maven-3.9.6\mvn_repo\org\junit\jupiter\junit-jupiter\5.10.5\junit-jupiter-5.10.5.jar;D:\develop\software\apache-maven-3.9.6\mvn_repo\org\junit\jupiter\junit-jupiter-api\5.10.5\junit-jupiter-api-5.10.5.jar;D:\develop\software\apache-maven-3.9.6\mvn_repo\org\opentest4j\opentest4j\1.3.0\opentest4j-1.3.0.jar;D:\develop\software\apache-maven-3.9.6\mvn_repo\org\junit\platform\junit-platform-commons\1.10.5\junit-platform-commons-1.10.5.jar;D:\develop\software\apache-maven-3.9.6\mvn_repo\org\apiguardian\apiguardian-api\1.1.2\apiguardian-api-1.1.2.jar;D:\develop\software\apache-maven-3.9.6\mvn_repo\org\junit\jupiter\junit-jupiter-params\5.10.5\junit-jupiter-params-5.10.5.jar;D:\develop\software\apache-maven-3.9.6\mvn_repo\org\junit\jupiter\junit-jupiter-engine\5.10.5\junit-jupiter-engine-5.10.5.jar;D:\develop\software\apache-maven-3.9.6\mvn_repo\org\junit\platform\junit-platform-engine\1.10.5\junit-platform-engine-1.10.5.jar;D:\develop\software\apache-maven-3.9.6\mvn_repo\org\mockito\mockito-core\5.11.0\mockito-core-5.11.0.jar;D:\develop\software\apache-maven-3.9.6\mvn_repo\net\bytebuddy\byte-buddy-agent\1.14.19\byte-buddy-agent-1.14.19.jar;D:\develop\software\apache-maven-3.9.6\mvn_repo\org\objenesis\objenesis\3.3\objenesis-3.3.jar;D:\develop\software\apache-maven-3.9.6\mvn_repo\org\mockito\mockito-junit-jupiter\5.11.0\mockito-junit-jupiter-5.11.0.jar;D:\develop\software\apache-maven-3.9.6\mvn_repo\org\skyscreamer\jsonassert\1.5.3\jsonassert-1.5.3.jar;D:\develop\software\apache-maven-3.9.6\mvn_repo\com\vaadin\external\google\android-json\0.0.20131108.vaadin1\android-json-0.0.20131108.vaadin1.jar;D:\develop\software\apache-maven-3.9.6\mvn_repo\org\springframework\spring-core\6.1.14\spring-core-6.1.14.jar;D:\develop\software\apache-maven-3.9.6\mvn_repo\org\springframework\spring-jcl\6.1.14\spring-jcl-6.1.14.jar;D:\develop\software\apache-maven-3.9.6\mvn_repo\org\springframework\spring-test\6.1.14\spring-test-6.1.14.jar;D:\develop\software\apache-maven-3.9.6\mvn_repo\org\xmlunit\xmlunit-core\2.9.1\xmlunit-core-2.9.1.jar;D:\develop\software\apache-maven-3.9.6\mvn_repo\org\mybatis\spring\boot\mybatis-spring-boot-starter-test\3.0.3\mybatis-spring-boot-starter-test-3.0.3.jar;D:\develop\software\apache-maven-3.9.6\mvn_repo\org\mybatis\spring\boot\mybatis-spring-boot-test-autoconfigure\3.0.3\mybatis-spring-boot-test-autoconfigure-3.0.3.jar;D:\develop\software\apache-maven-3.9.6\mvn_repo\org\springframework\spring-tx\6.1.14\spring-tx-6.1.14.jar;D:\develop\software\apache-maven-3.9.6\mvn_repo\cn\hutool\hutool-all\5.8.18\hutool-all-5.8.18.jar;D:\develop\software\apache-maven-3.9.6\mvn_repo\com\auth0\java-jwt\4.3.0\java-jwt-4.3.0.jar;D:\develop\software\apache-maven-3.9.6\mvn_repo\com\fasterxml\jackson\core\jackson-databind\2.17.2\jackson-databind-2.17.2.jar;D:\develop\software\apache-maven-3.9.6\mvn_repo\com\fasterxml\jackson\core\jackson-annotations\2.17.2\jackson-annotations-2.17.2.jar;D:\develop\software\apache-maven-3.9.6\mvn_repo\com\fasterxml\jackson\core\jackson-core\2.17.2\jackson-core-2.17.2.jar;D:\develop\software\apache-maven-3.9.6\mvn_repo\org\projectlombok\lombok\1.18.34\lombok-1.18.34.jar;D:\develop\software\apache-maven-3.9.6\mvn_repo\org\aspectj\aspectjrt\1.9.22.1\aspectjrt-1.9.22.1.jar;D:\develop\software\apache-maven-3.9.6\mvn_repo\com\aliyun\oss\aliyun-sdk-oss\3.15.1\aliyun-sdk-oss-3.15.1.jar;D:\develop\software\apache-maven-3.9.6\mvn_repo\org\apache\httpcomponents\httpclient\4.4.1\httpclient-4.4.1.jar;D:\develop\software\apache-maven-3.9.6\mvn_repo\org\apache\httpcomponents\httpcore\4.4.16\httpcore-4.4.16.jar;D:\develop\software\apache-maven-3.9.6\mvn_repo\commons-logging\commons-logging\1.2\commons-logging-1.2.jar;D:\develop\software\apache-maven-3.9.6\mvn_repo\commons-codec\commons-codec\1.16.1\commons-codec-1.16.1.jar;D:\develop\software\apache-maven-3.9.6\mvn_repo\org\jdom\jdom2\2.0.6.1\jdom2-2.0.6.1.jar;D:\develop\software\apache-maven-3.9.6\mvn_repo\org\codehaus\jettison\jettison\1.1\jettison-1.1.jar;D:\develop\software\apache-maven-3.9.6\mvn_repo\stax\stax-api\1.0.1\stax-api-1.0.1.jar;D:\develop\software\apache-maven-3.9.6\mvn_repo\com\aliyun\aliyun-java-sdk-core\4.5.10\aliyun-java-sdk-core-4.5.10.jar;D:\develop\software\apache-maven-3.9.6\mvn_repo\com\google\code\gson\gson\2.10.1\gson-2.10.1.jar;D:\develop\software\apache-maven-3.9.6\mvn_repo\javax\xml\bind\jaxb-api\2.3.1\jaxb-api-2.3.1.jar;D:\develop\software\apache-maven-3.9.6\mvn_repo\javax\activation\javax.activation-api\1.2.0\javax.activation-api-1.2.0.jar;D:\develop\software\apache-maven-3.9.6\mvn_repo\org\jacoco\org.jacoco.agent\0.8.5\org.jacoco.agent-0.8.5-runtime.jar;D:\develop\software\apache-maven-3.9.6\mvn_repo\org\ini4j\ini4j\0.5.4\ini4j-0.5.4.jar;D:\develop\software\apache-maven-3.9.6\mvn_repo\io\opentracing\opentracing-api\0.33.0\opentracing-api-0.33.0.jar;D:\develop\software\apache-maven-3.9.6\mvn_repo\io\opentracing\opentracing-util\0.33.0\opentracing-util-0.33.0.jar;D:\develop\software\apache-maven-3.9.6\mvn_repo\io\opentracing\opentracing-noop\0.33.0\opentracing-noop-0.33.0.jar;D:\develop\software\apache-maven-3.9.6\mvn_repo\com\aliyun\aliyun-java-sdk-ram\3.1.0\aliyun-java-sdk-ram-3.1.0.jar;D:\develop\software\apache-maven-3.9.6\mvn_repo\com\aliyun\aliyun-java-sdk-kms\2.11.0\aliyun-java-sdk-kms-2.11.0.jar;"/>
    <property name="java.vm.vendor" value="Oracle Corporation"/>
    <property name="sun.arch.data.model" value="64"/>
    <property name="user.variant" value=""/>
    <property name="java.vendor.url" value="https://java.oracle.com/"/>
    <property name="user.timezone" value="Asia/Shanghai"/>
    <property name="os.name" value="Windows 11"/>
    <property name="java.vm.specification.version" value="21"/>
    <property name="sun.java.launcher" value="SUN_STANDARD"/>
    <property name="user.country" value="CN"/>
    <property name="sun.boot.library.path" value="D:\develop\software\jdk_21\bin"/>
    <property name="sun.java.command" value="C:\Users\李东升\AppData\Local\Temp\surefire396501949042644555\surefirebooter-20241124225915414_3.jar C:\Users\李东升\AppData\Local\Temp\surefire396501949042644555 2024-11-24T22-59-15_293-jvmRun1 surefire-20241124225915414_1tmp surefire_0-20241124225915414_2tmp"/>
    <property name="jdk.debug" value="release"/>
    <property name="surefire.test.class.path" value="D:\develop\idea_project\my_blog\springboot\target\test-classes;D:\develop\idea_project\my_blog\springboot\target\classes;D:\develop\software\apache-maven-3.9.6\mvn_repo\org\springframework\boot\spring-boot-starter-web\3.3.5\spring-boot-starter-web-3.3.5.jar;D:\develop\software\apache-maven-3.9.6\mvn_repo\org\springframework\boot\spring-boot-starter\3.3.5\spring-boot-starter-3.3.5.jar;D:\develop\software\apache-maven-3.9.6\mvn_repo\org\springframework\boot\spring-boot\3.3.5\spring-boot-3.3.5.jar;D:\develop\software\apache-maven-3.9.6\mvn_repo\org\springframework\boot\spring-boot-autoconfigure\3.3.5\spring-boot-autoconfigure-3.3.5.jar;D:\develop\software\apache-maven-3.9.6\mvn_repo\org\springframework\boot\spring-boot-starter-logging\3.3.5\spring-boot-starter-logging-3.3.5.jar;D:\develop\software\apache-maven-3.9.6\mvn_repo\ch\qos\logback\logback-classic\1.5.11\logback-classic-1.5.11.jar;D:\develop\software\apache-maven-3.9.6\mvn_repo\ch\qos\logback\logback-core\1.5.11\logback-core-1.5.11.jar;D:\develop\software\apache-maven-3.9.6\mvn_repo\org\apache\logging\log4j\log4j-to-slf4j\2.23.1\log4j-to-slf4j-2.23.1.jar;D:\develop\software\apache-maven-3.9.6\mvn_repo\org\apache\logging\log4j\log4j-api\2.23.1\log4j-api-2.23.1.jar;D:\develop\software\apache-maven-3.9.6\mvn_repo\org\slf4j\jul-to-slf4j\2.0.16\jul-to-slf4j-2.0.16.jar;D:\develop\software\apache-maven-3.9.6\mvn_repo\jakarta\annotation\jakarta.annotation-api\2.1.1\jakarta.annotation-api-2.1.1.jar;D:\develop\software\apache-maven-3.9.6\mvn_repo\org\yaml\snakeyaml\2.2\snakeyaml-2.2.jar;D:\develop\software\apache-maven-3.9.6\mvn_repo\org\springframework\boot\spring-boot-starter-json\3.3.5\spring-boot-starter-json-3.3.5.jar;D:\develop\software\apache-maven-3.9.6\mvn_repo\com\fasterxml\jackson\datatype\jackson-datatype-jdk8\2.17.2\jackson-datatype-jdk8-2.17.2.jar;D:\develop\software\apache-maven-3.9.6\mvn_repo\com\fasterxml\jackson\datatype\jackson-datatype-jsr310\2.17.2\jackson-datatype-jsr310-2.17.2.jar;D:\develop\software\apache-maven-3.9.6\mvn_repo\com\fasterxml\jackson\module\jackson-module-parameter-names\2.17.2\jackson-module-parameter-names-2.17.2.jar;D:\develop\software\apache-maven-3.9.6\mvn_repo\org\springframework\boot\spring-boot-starter-tomcat\3.3.5\spring-boot-starter-tomcat-3.3.5.jar;D:\develop\software\apache-maven-3.9.6\mvn_repo\org\apache\tomcat\embed\tomcat-embed-core\10.1.31\tomcat-embed-core-10.1.31.jar;D:\develop\software\apache-maven-3.9.6\mvn_repo\org\apache\tomcat\embed\tomcat-embed-el\10.1.31\tomcat-embed-el-10.1.31.jar;D:\develop\software\apache-maven-3.9.6\mvn_repo\org\apache\tomcat\embed\tomcat-embed-websocket\10.1.31\tomcat-embed-websocket-10.1.31.jar;D:\develop\software\apache-maven-3.9.6\mvn_repo\org\springframework\spring-web\6.1.14\spring-web-6.1.14.jar;D:\develop\software\apache-maven-3.9.6\mvn_repo\org\springframework\spring-beans\6.1.14\spring-beans-6.1.14.jar;D:\develop\software\apache-maven-3.9.6\mvn_repo\io\micrometer\micrometer-observation\1.13.6\micrometer-observation-1.13.6.jar;D:\develop\software\apache-maven-3.9.6\mvn_repo\io\micrometer\micrometer-commons\1.13.6\micrometer-commons-1.13.6.jar;D:\develop\software\apache-maven-3.9.6\mvn_repo\org\springframework\spring-webmvc\6.1.14\spring-webmvc-6.1.14.jar;D:\develop\software\apache-maven-3.9.6\mvn_repo\org\springframework\spring-aop\6.1.14\spring-aop-6.1.14.jar;D:\develop\software\apache-maven-3.9.6\mvn_repo\org\springframework\spring-context\6.1.14\spring-context-6.1.14.jar;D:\develop\software\apache-maven-3.9.6\mvn_repo\org\springframework\spring-expression\6.1.14\spring-expression-6.1.14.jar;D:\develop\software\apache-maven-3.9.6\mvn_repo\org\mybatis\spring\boot\mybatis-spring-boot-starter\3.0.3\mybatis-spring-boot-starter-3.0.3.jar;D:\develop\software\apache-maven-3.9.6\mvn_repo\org\springframework\boot\spring-boot-starter-jdbc\3.3.5\spring-boot-starter-jdbc-3.3.5.jar;D:\develop\software\apache-maven-3.9.6\mvn_repo\com\zaxxer\HikariCP\5.1.0\HikariCP-5.1.0.jar;D:\develop\software\apache-maven-3.9.6\mvn_repo\org\springframework\spring-jdbc\6.1.14\spring-jdbc-6.1.14.jar;D:\develop\software\apache-maven-3.9.6\mvn_repo\org\mybatis\spring\boot\mybatis-spring-boot-autoconfigure\3.0.3\mybatis-spring-boot-autoconfigure-3.0.3.jar;D:\develop\software\apache-maven-3.9.6\mvn_repo\org\mybatis\mybatis\3.5.14\mybatis-3.5.14.jar;D:\develop\software\apache-maven-3.9.6\mvn_repo\org\mybatis\mybatis-spring\3.0.3\mybatis-spring-3.0.3.jar;D:\develop\software\apache-maven-3.9.6\mvn_repo\com\mysql\mysql-connector-j\8.3.0\mysql-connector-j-8.3.0.jar;D:\develop\software\apache-maven-3.9.6\mvn_repo\org\springframework\boot\spring-boot-starter-test\3.3.5\spring-boot-starter-test-3.3.5.jar;D:\develop\software\apache-maven-3.9.6\mvn_repo\org\springframework\boot\spring-boot-test\3.3.5\spring-boot-test-3.3.5.jar;D:\develop\software\apache-maven-3.9.6\mvn_repo\org\springframework\boot\spring-boot-test-autoconfigure\3.3.5\spring-boot-test-autoconfigure-3.3.5.jar;D:\develop\software\apache-maven-3.9.6\mvn_repo\com\jayway\jsonpath\json-path\2.9.0\json-path-2.9.0.jar;D:\develop\software\apache-maven-3.9.6\mvn_repo\org\slf4j\slf4j-api\2.0.16\slf4j-api-2.0.16.jar;D:\develop\software\apache-maven-3.9.6\mvn_repo\jakarta\xml\bind\jakarta.xml.bind-api\4.0.2\jakarta.xml.bind-api-4.0.2.jar;D:\develop\software\apache-maven-3.9.6\mvn_repo\jakarta\activation\jakarta.activation-api\2.1.3\jakarta.activation-api-2.1.3.jar;D:\develop\software\apache-maven-3.9.6\mvn_repo\net\minidev\json-smart\2.5.1\json-smart-2.5.1.jar;D:\develop\software\apache-maven-3.9.6\mvn_repo\net\minidev\accessors-smart\2.5.1\accessors-smart-2.5.1.jar;D:\develop\software\apache-maven-3.9.6\mvn_repo\org\ow2\asm\asm\9.6\asm-9.6.jar;D:\develop\software\apache-maven-3.9.6\mvn_repo\org\assertj\assertj-core\3.25.3\assertj-core-3.25.3.jar;D:\develop\software\apache-maven-3.9.6\mvn_repo\net\bytebuddy\byte-buddy\1.14.19\byte-buddy-1.14.19.jar;D:\develop\software\apache-maven-3.9.6\mvn_repo\org\awaitility\awaitility\4.2.2\awaitility-4.2.2.jar;D:\develop\software\apache-maven-3.9.6\mvn_repo\org\hamcrest\hamcrest\2.2\hamcrest-2.2.jar;D:\develop\software\apache-maven-3.9.6\mvn_repo\org\junit\jupiter\junit-jupiter\5.10.5\junit-jupiter-5.10.5.jar;D:\develop\software\apache-maven-3.9.6\mvn_repo\org\junit\jupiter\junit-jupiter-api\5.10.5\junit-jupiter-api-5.10.5.jar;D:\develop\software\apache-maven-3.9.6\mvn_repo\org\opentest4j\opentest4j\1.3.0\opentest4j-1.3.0.jar;D:\develop\software\apache-maven-3.9.6\mvn_repo\org\junit\platform\junit-platform-commons\1.10.5\junit-platform-commons-1.10.5.jar;D:\develop\software\apache-maven-3.9.6\mvn_repo\org\apiguardian\apiguardian-api\1.1.2\apiguardian-api-1.1.2.jar;D:\develop\software\apache-maven-3.9.6\mvn_repo\org\junit\jupiter\junit-jupiter-params\5.10.5\junit-jupiter-params-5.10.5.jar;D:\develop\software\apache-maven-3.9.6\mvn_repo\org\junit\jupiter\junit-jupiter-engine\5.10.5\junit-jupiter-engine-5.10.5.jar;D:\develop\software\apache-maven-3.9.6\mvn_repo\org\junit\platform\junit-platform-engine\1.10.5\junit-platform-engine-1.10.5.jar;D:\develop\software\apache-maven-3.9.6\mvn_repo\org\mockito\mockito-core\5.11.0\mockito-core-5.11.0.jar;D:\develop\software\apache-maven-3.9.6\mvn_repo\net\bytebuddy\byte-buddy-agent\1.14.19\byte-buddy-agent-1.14.19.jar;D:\develop\software\apache-maven-3.9.6\mvn_repo\org\objenesis\objenesis\3.3\objenesis-3.3.jar;D:\develop\software\apache-maven-3.9.6\mvn_repo\org\mockito\mockito-junit-jupiter\5.11.0\mockito-junit-jupiter-5.11.0.jar;D:\develop\software\apache-maven-3.9.6\mvn_repo\org\skyscreamer\jsonassert\1.5.3\jsonassert-1.5.3.jar;D:\develop\software\apache-maven-3.9.6\mvn_repo\com\vaadin\external\google\android-json\0.0.20131108.vaadin1\android-json-0.0.20131108.vaadin1.jar;D:\develop\software\apache-maven-3.9.6\mvn_repo\org\springframework\spring-core\6.1.14\spring-core-6.1.14.jar;D:\develop\software\apache-maven-3.9.6\mvn_repo\org\springframework\spring-jcl\6.1.14\spring-jcl-6.1.14.jar;D:\develop\software\apache-maven-3.9.6\mvn_repo\org\springframework\spring-test\6.1.14\spring-test-6.1.14.jar;D:\develop\software\apache-maven-3.9.6\mvn_repo\org\xmlunit\xmlunit-core\2.9.1\xmlunit-core-2.9.1.jar;D:\develop\software\apache-maven-3.9.6\mvn_repo\org\mybatis\spring\boot\mybatis-spring-boot-starter-test\3.0.3\mybatis-spring-boot-starter-test-3.0.3.jar;D:\develop\software\apache-maven-3.9.6\mvn_repo\org\mybatis\spring\boot\mybatis-spring-boot-test-autoconfigure\3.0.3\mybatis-spring-boot-test-autoconfigure-3.0.3.jar;D:\develop\software\apache-maven-3.9.6\mvn_repo\org\springframework\spring-tx\6.1.14\spring-tx-6.1.14.jar;D:\develop\software\apache-maven-3.9.6\mvn_repo\cn\hutool\hutool-all\5.8.18\hutool-all-5.8.18.jar;D:\develop\software\apache-maven-3.9.6\mvn_repo\com\auth0\java-jwt\4.3.0\java-jwt-4.3.0.jar;D:\develop\software\apache-maven-3.9.6\mvn_repo\com\fasterxml\jackson\core\jackson-databind\2.17.2\jackson-databind-2.17.2.jar;D:\develop\software\apache-maven-3.9.6\mvn_repo\com\fasterxml\jackson\core\jackson-annotations\2.17.2\jackson-annotations-2.17.2.jar;D:\develop\software\apache-maven-3.9.6\mvn_repo\com\fasterxml\jackson\core\jackson-core\2.17.2\jackson-core-2.17.2.jar;D:\develop\software\apache-maven-3.9.6\mvn_repo\org\projectlombok\lombok\1.18.34\lombok-1.18.34.jar;D:\develop\software\apache-maven-3.9.6\mvn_repo\org\aspectj\aspectjrt\1.9.22.1\aspectjrt-1.9.22.1.jar;D:\develop\software\apache-maven-3.9.6\mvn_repo\com\aliyun\oss\aliyun-sdk-oss\3.15.1\aliyun-sdk-oss-3.15.1.jar;D:\develop\software\apache-maven-3.9.6\mvn_repo\org\apache\httpcomponents\httpclient\4.4.1\httpclient-4.4.1.jar;D:\develop\software\apache-maven-3.9.6\mvn_repo\org\apache\httpcomponents\httpcore\4.4.16\httpcore-4.4.16.jar;D:\develop\software\apache-maven-3.9.6\mvn_repo\commons-logging\commons-logging\1.2\commons-logging-1.2.jar;D:\develop\software\apache-maven-3.9.6\mvn_repo\commons-codec\commons-codec\1.16.1\commons-codec-1.16.1.jar;D:\develop\software\apache-maven-3.9.6\mvn_repo\org\jdom\jdom2\2.0.6.1\jdom2-2.0.6.1.jar;D:\develop\software\apache-maven-3.9.6\mvn_repo\org\codehaus\jettison\jettison\1.1\jettison-1.1.jar;D:\develop\software\apache-maven-3.9.6\mvn_repo\stax\stax-api\1.0.1\stax-api-1.0.1.jar;D:\develop\software\apache-maven-3.9.6\mvn_repo\com\aliyun\aliyun-java-sdk-core\4.5.10\aliyun-java-sdk-core-4.5.10.jar;D:\develop\software\apache-maven-3.9.6\mvn_repo\com\google\code\gson\gson\2.10.1\gson-2.10.1.jar;D:\develop\software\apache-maven-3.9.6\mvn_repo\javax\xml\bind\jaxb-api\2.3.1\jaxb-api-2.3.1.jar;D:\develop\software\apache-maven-3.9.6\mvn_repo\javax\activation\javax.activation-api\1.2.0\javax.activation-api-1.2.0.jar;D:\develop\software\apache-maven-3.9.6\mvn_repo\org\jacoco\org.jacoco.agent\0.8.5\org.jacoco.agent-0.8.5-runtime.jar;D:\develop\software\apache-maven-3.9.6\mvn_repo\org\ini4j\ini4j\0.5.4\ini4j-0.5.4.jar;D:\develop\software\apache-maven-3.9.6\mvn_repo\io\opentracing\opentracing-api\0.33.0\opentracing-api-0.33.0.jar;D:\develop\software\apache-maven-3.9.6\mvn_repo\io\opentracing\opentracing-util\0.33.0\opentracing-util-0.33.0.jar;D:\develop\software\apache-maven-3.9.6\mvn_repo\io\opentracing\opentracing-noop\0.33.0\opentracing-noop-0.33.0.jar;D:\develop\software\apache-maven-3.9.6\mvn_repo\com\aliyun\aliyun-java-sdk-ram\3.1.0\aliyun-java-sdk-ram-3.1.0.jar;D:\develop\software\apache-maven-3.9.6\mvn_repo\com\aliyun\aliyun-java-sdk-kms\2.11.0\aliyun-java-sdk-kms-2.11.0.jar;"/>
    <property name="sun.cpu.endian" value="little"/>
    <property name="user.home" value="C:\Users\李东升"/>
    <property name="user.language" value="zh"/>
    <property name="java.specification.vendor" value="Oracle Corporation"/>
    <property name="java.version.date" value="2024-01-16"/>
    <property name="java.home" value="D:\develop\software\jdk_21"/>
    <property name="file.separator" value="\"/>
    <property name="basedir" value="D:\develop\idea_project\my_blog\springboot"/>
    <property name="java.vm.compressedOopsMode" value="Zero based"/>
    <property name="line.separator" value="&#10;"/>
    <property name="java.vm.specification.vendor" value="Oracle Corporation"/>
    <property name="java.specification.name" value="Java Platform API Specification"/>
    <property name="FILE_LOG_CHARSET" value="UTF-8"/>
    <property name="java.awt.headless" value="true"/>
    <property name="surefire.real.class.path" value="C:\Users\李东升\AppData\Local\Temp\surefire396501949042644555\surefirebooter-20241124225915414_3.jar"/>
    <property name="user.script" value=""/>
    <property name="sun.management.compiler" value="HotSpot 64-Bit Tiered Compilers"/>
    <property name="java.runtime.version" value="21.0.2+13-LTS-58"/>
    <property name="user.name" value="李东升"/>
    <property name="stdout.encoding" value="GBK"/>
    <property name="path.separator" value=";"/>
    <property name="os.version" value="10.0"/>
    <property name="java.runtime.name" value="Java(TM) SE Runtime Environment"/>
    <property name="file.encoding" value="UTF-8"/>
    <property name="java.vm.name" value="Java HotSpot(TM) 64-Bit Server VM"/>
    <property name="localRepository" value="D:\develop\software\apache-maven-3.9.6\mvn_repo"/>
    <property name="java.vendor.url.bug" value="https://bugreport.java.com/bugreport/"/>
    <property name="java.io.tmpdir" value="C:\Users\李东升\AppData\Local\Temp\"/>
    <property name="idea.version" value="2024.1.1"/>
    <property name="java.version" value="21.0.2"/>
    <property name="user.dir" value="D:\develop\idea_project\my_blog\springboot"/>
    <property name="os.arch" value="amd64"/>
    <property name="java.vm.specification.name" value="Java Virtual Machine Specification"/>
    <property name="PID" value="40592"/>
    <property name="sun.os.patch.level" value=""/>
    <property name="CONSOLE_LOG_CHARSET" value="UTF-8"/>
    <property name="native.encoding" value="GBK"/>
    <property name="java.library.path" value="D:\develop\software\jdk_21\bin;C:\Windows\Sun\Java\bin;C:\Windows\system32;C:\Windows;D:\develop\software\jdk_11\bin;C:\Program Files\Common Files\Oracle\Java\javapath;C:\Program Files (x86)\Common Files\Oracle\Java\javapath;C:\Windows\system32;C:\Windows;C:\Windows\System32\Wbem;C:\Windows\System32\WindowsPowerShell\v1.0\;C:\Windows\System32\OpenSSH\;C:\Program Files (x86)\NVIDIA Corporation\PhysX\Common;C:\Program Files\NVIDIA Corporation\NVIDIA NvDLISR;C:\Program Files\MySQL\MySQL Server 8.0\bin;D:\develop\software\Microsoft VS Code\bin;D:\develop\software\apache-maven-3.9.6\bin;D:\develop\software\Git\cmd;D:\develop\software\微信web开发者工具\dll;D:\develop\software\node-v16.17.1;D:\develop\software\apache-tomcat-9.0.37\bin;D:\develop\software\node-v18.19.0\;C:\Users\李东升\AppData\Local\Microsoft\WindowsApps;;D:\idea社区版\IntelliJ IDEA Community Edition 2023.2.5\bin;;C:\Users\李东升\AppData\Roaming\npm;."/>
    <property name="java.vm.info" value="mixed mode, sharing"/>
    <property name="stderr.encoding" value="GBK"/>
    <property name="java.vendor" value="Oracle Corporation"/>
    <property name="java.vm.version" value="21.0.2+13-LTS-58"/>
    <property name="sun.io.unicode.encoding" value="UnicodeLittle"/>
    <property name="maven.repo.local" value="D:\develop\software\apache-maven-3.9.6\mvn_repo"/>
    <property name="java.class.version" value="65.0"/>
  </properties>
  <testcase name="contextLoads" classname="com.zjjhy.springboot.SpringbootApplicationTests" time="1.008">
    <system-out><![CDATA[22:59:16.358 [main] INFO org.springframework.test.context.support.AnnotationConfigContextLoaderUtils -- Could not detect default configuration classes for test class [com.zjjhy.springboot.SpringbootApplicationTests]: SpringbootApplicationTests does not declare any static, non-private, non-final, nested classes annotated with @Configuration.
22:59:16.444 [main] INFO org.springframework.boot.test.context.SpringBootTestContextBootstrapper -- Found @SpringBootConfiguration com.zjjhy.SpringbootApplication for test class com.zjjhy.springboot.SpringbootApplicationTests

  .   ____          _            __ _ _
 /\\ / ___'_ __ _ _(_)_ __  __ _ \ \ \ \
( ( )\___ | '_ | '_| | '_ \/ _` | \ \ \ \
 \\/  ___)| |_)| | | | | || (_| |  ) ) ) )
  '  |____| .__|_| |_|_| |_\__, | / / / /
 =========|_|==============|___/=/_/_/_/

 :: Spring Boot ::                (v3.3.5)

2024-11-24T22:59:16.734+08:00  INFO 40592 --- [           main] c.z.s.SpringbootApplicationTests         : Starting SpringbootApplicationTests using Java 21.0.2 with PID 40592 (started by 李东升 in D:\develop\idea_project\my_blog\springboot)
2024-11-24T22:59:16.735+08:00  INFO 40592 --- [           main] c.z.s.SpringbootApplicationTests         : No active profile set, falling back to 1 default profile: "default"
Logging initialized using 'class org.apache.ibatis.logging.stdout.StdOutImpl' adapter.
2024-11-24T22:59:17.848+08:00  INFO 40592 --- [           main] c.zjjhy.common.config.OssConfiguration   : 开始创建阿里云文件上传工具类对象:AliOssProperties(endpoint=oss-cn-hangzhou.aliyuncs.com, accessKeyId=LTAI5tLNK3ww14WgYLnP78uB, accessKeySecret=l4lGvWWJDIrQWyeLwttuLgsJ52bhkw, bucketName=web-tlias-lidongshen)
2024-11-24T22:59:17.923+08:00 ERROR 40592 --- [           main] o.a.catalina.core.AprLifecycleListener   : An incompatible version [1.2.24] of the Apache Tomcat Native library is installed, while Tomcat requires version [1.2.34]
2024-11-24T22:59:18.660+08:00  INFO 40592 --- [           main] c.z.s.SpringbootApplicationTests         : Started SpringbootApplicationTests in 2.12 seconds (process running for 2.803)
]]></system-out>
    <system-err><![CDATA[WARNING: A Java agent has been loaded dynamically (D:\develop\software\apache-maven-3.9.6\mvn_repo\net\bytebuddy\byte-buddy-agent\1.14.19\byte-buddy-agent-1.14.19.jar)
WARNING: If a serviceability tool is in use, please run with -XX:+EnableDynamicAgentLoading to hide this warning
WARNING: If a serviceability tool is not in use, please run with -Djdk.instrument.traceUsage for more information
WARNING: Dynamic loading of agents will be disallowed by default in a future release
]]></system-err>
  </testcase>
</testsuite>