<?xml version="1.0" encoding="UTF-8"?>
<testsuite xmlns:xsi="http://www.w3.org/2001/XMLSchema-instance" xsi:noNamespaceSchemaLocation="https://maven.apache.org/surefire/maven-surefire-plugin/xsd/surefire-test-report-3.0.xsd" version="3.0" name="com.example.springboot.TestBeanApi" time="0.356" tests="1" errors="0" skipped="0" failures="0">
  <properties>
    <property name="java.specification.version" value="17"/>
    <property name="sun.cpu.isalist" value="amd64"/>
    <property name="sun.jnu.encoding" value="GBK"/>
    <property name="sun.awt.enableExtraMouseButtons" value="true"/>
    <property name="java.class.path" value="D:\develop\idea_project\java_project\blog_manage\blog_admin\target\test-classes;D:\develop\idea_project\java_project\blog_manage\blog_admin\target\classes;D:\develop\software\apache-maven-3.9.6\mvn_repo\org\springframework\boot\spring-boot-starter-web\3.1.0\spring-boot-starter-web-3.1.0.jar;D:\develop\software\apache-maven-3.9.6\mvn_repo\org\springframework\boot\spring-boot-starter\3.1.0\spring-boot-starter-3.1.0.jar;D:\develop\software\apache-maven-3.9.6\mvn_repo\org\springframework\boot\spring-boot\3.1.0\spring-boot-3.1.0.jar;D:\develop\software\apache-maven-3.9.6\mvn_repo\org\springframework\boot\spring-boot-autoconfigure\3.1.0\spring-boot-autoconfigure-3.1.0.jar;D:\develop\software\apache-maven-3.9.6\mvn_repo\org\springframework\boot\spring-boot-starter-logging\3.1.0\spring-boot-starter-logging-3.1.0.jar;D:\develop\software\apache-maven-3.9.6\mvn_repo\ch\qos\logback\logback-classic\1.4.7\logback-classic-1.4.7.jar;D:\develop\software\apache-maven-3.9.6\mvn_repo\ch\qos\logback\logback-core\1.4.7\logback-core-1.4.7.jar;D:\develop\software\apache-maven-3.9.6\mvn_repo\org\apache\logging\log4j\log4j-to-slf4j\2.20.0\log4j-to-slf4j-2.20.0.jar;D:\develop\software\apache-maven-3.9.6\mvn_repo\org\slf4j\jul-to-slf4j\2.0.7\jul-to-slf4j-2.0.7.jar;D:\develop\software\apache-maven-3.9.6\mvn_repo\jakarta\annotation\jakarta.annotation-api\2.1.1\jakarta.annotation-api-2.1.1.jar;D:\develop\software\apache-maven-3.9.6\mvn_repo\org\yaml\snakeyaml\1.33\snakeyaml-1.33.jar;D:\develop\software\apache-maven-3.9.6\mvn_repo\org\springframework\boot\spring-boot-starter-json\3.1.0\spring-boot-starter-json-3.1.0.jar;D:\develop\software\apache-maven-3.9.6\mvn_repo\com\fasterxml\jackson\datatype\jackson-datatype-jdk8\2.15.0\jackson-datatype-jdk8-2.15.0.jar;D:\develop\software\apache-maven-3.9.6\mvn_repo\com\fasterxml\jackson\datatype\jackson-datatype-jsr310\2.15.0\jackson-datatype-jsr310-2.15.0.jar;D:\develop\software\apache-maven-3.9.6\mvn_repo\com\fasterxml\jackson\module\jackson-module-parameter-names\2.15.0\jackson-module-parameter-names-2.15.0.jar;D:\develop\software\apache-maven-3.9.6\mvn_repo\org\springframework\boot\spring-boot-starter-tomcat\3.1.0\spring-boot-starter-tomcat-3.1.0.jar;D:\develop\software\apache-maven-3.9.6\mvn_repo\org\apache\tomcat\embed\tomcat-embed-core\10.1.8\tomcat-embed-core-10.1.8.jar;D:\develop\software\apache-maven-3.9.6\mvn_repo\org\apache\tomcat\embed\tomcat-embed-el\10.1.8\tomcat-embed-el-10.1.8.jar;D:\develop\software\apache-maven-3.9.6\mvn_repo\org\apache\tomcat\embed\tomcat-embed-websocket\10.1.8\tomcat-embed-websocket-10.1.8.jar;D:\develop\software\apache-maven-3.9.6\mvn_repo\org\springframework\spring-web\6.0.9\spring-web-6.0.9.jar;D:\develop\software\apache-maven-3.9.6\mvn_repo\org\springframework\spring-beans\6.0.9\spring-beans-6.0.9.jar;D:\develop\software\apache-maven-3.9.6\mvn_repo\io\micrometer\micrometer-observation\1.11.0\micrometer-observation-1.11.0.jar;D:\develop\software\apache-maven-3.9.6\mvn_repo\io\micrometer\micrometer-commons\1.11.0\micrometer-commons-1.11.0.jar;D:\develop\software\apache-maven-3.9.6\mvn_repo\org\springframework\spring-webmvc\6.0.9\spring-webmvc-6.0.9.jar;D:\develop\software\apache-maven-3.9.6\mvn_repo\org\springframework\spring-context\6.0.9\spring-context-6.0.9.jar;D:\develop\software\apache-maven-3.9.6\mvn_repo\org\springframework\spring-expression\6.0.9\spring-expression-6.0.9.jar;D:\develop\software\apache-maven-3.9.6\mvn_repo\org\mybatis\spring\boot\mybatis-spring-boot-starter\3.0.3\mybatis-spring-boot-starter-3.0.3.jar;D:\develop\software\apache-maven-3.9.6\mvn_repo\org\springframework\boot\spring-boot-starter-jdbc\3.1.0\spring-boot-starter-jdbc-3.1.0.jar;D:\develop\software\apache-maven-3.9.6\mvn_repo\com\zaxxer\HikariCP\5.0.1\HikariCP-5.0.1.jar;D:\develop\software\apache-maven-3.9.6\mvn_repo\org\springframework\spring-jdbc\6.0.9\spring-jdbc-6.0.9.jar;D:\develop\software\apache-maven-3.9.6\mvn_repo\org\mybatis\spring\boot\mybatis-spring-boot-autoconfigure\3.0.3\mybatis-spring-boot-autoconfigure-3.0.3.jar;D:\develop\software\apache-maven-3.9.6\mvn_repo\org\mybatis\mybatis\3.5.14\mybatis-3.5.14.jar;D:\develop\software\apache-maven-3.9.6\mvn_repo\org\mybatis\mybatis-spring\3.0.3\mybatis-spring-3.0.3.jar;D:\develop\software\apache-maven-3.9.6\mvn_repo\mysql\mysql-connector-java\8.0.30\mysql-connector-java-8.0.30.jar;D:\develop\software\apache-maven-3.9.6\mvn_repo\com\google\protobuf\protobuf-java\3.19.4\protobuf-java-3.19.4.jar;D:\develop\software\apache-maven-3.9.6\mvn_repo\org\springframework\boot\spring-boot-starter-test\3.1.0\spring-boot-starter-test-3.1.0.jar;D:\develop\software\apache-maven-3.9.6\mvn_repo\org\springframework\boot\spring-boot-test\3.1.0\spring-boot-test-3.1.0.jar;D:\develop\software\apache-maven-3.9.6\mvn_repo\org\springframework\boot\spring-boot-test-autoconfigure\3.1.0\spring-boot-test-autoconfigure-3.1.0.jar;D:\develop\software\apache-maven-3.9.6\mvn_repo\com\jayway\jsonpath\json-path\2.8.0\json-path-2.8.0.jar;D:\develop\software\apache-maven-3.9.6\mvn_repo\org\slf4j\slf4j-api\2.0.7\slf4j-api-2.0.7.jar;D:\develop\software\apache-maven-3.9.6\mvn_repo\jakarta\xml\bind\jakarta.xml.bind-api\4.0.0\jakarta.xml.bind-api-4.0.0.jar;D:\develop\software\apache-maven-3.9.6\mvn_repo\jakarta\activation\jakarta.activation-api\2.1.2\jakarta.activation-api-2.1.2.jar;D:\develop\software\apache-maven-3.9.6\mvn_repo\net\minidev\json-smart\2.4.10\json-smart-2.4.10.jar;D:\develop\software\apache-maven-3.9.6\mvn_repo\net\minidev\accessors-smart\2.4.9\accessors-smart-2.4.9.jar;D:\develop\software\apache-maven-3.9.6\mvn_repo\org\ow2\asm\asm\9.3\asm-9.3.jar;D:\develop\software\apache-maven-3.9.6\mvn_repo\org\assertj\assertj-core\3.24.2\assertj-core-3.24.2.jar;D:\develop\software\apache-maven-3.9.6\mvn_repo\net\bytebuddy\byte-buddy\1.14.4\byte-buddy-1.14.4.jar;D:\develop\software\apache-maven-3.9.6\mvn_repo\org\hamcrest\hamcrest\2.2\hamcrest-2.2.jar;D:\develop\software\apache-maven-3.9.6\mvn_repo\org\junit\jupiter\junit-jupiter\5.9.3\junit-jupiter-5.9.3.jar;D:\develop\software\apache-maven-3.9.6\mvn_repo\org\junit\jupiter\junit-jupiter-api\5.9.3\junit-jupiter-api-5.9.3.jar;D:\develop\software\apache-maven-3.9.6\mvn_repo\org\opentest4j\opentest4j\1.2.0\opentest4j-1.2.0.jar;D:\develop\software\apache-maven-3.9.6\mvn_repo\org\junit\platform\junit-platform-commons\1.9.3\junit-platform-commons-1.9.3.jar;D:\develop\software\apache-maven-3.9.6\mvn_repo\org\apiguardian\apiguardian-api\1.1.2\apiguardian-api-1.1.2.jar;D:\develop\software\apache-maven-3.9.6\mvn_repo\org\junit\jupiter\junit-jupiter-params\5.9.3\junit-jupiter-params-5.9.3.jar;D:\develop\software\apache-maven-3.9.6\mvn_repo\org\junit\jupiter\junit-jupiter-engine\5.9.3\junit-jupiter-engine-5.9.3.jar;D:\develop\software\apache-maven-3.9.6\mvn_repo\org\junit\platform\junit-platform-engine\1.9.3\junit-platform-engine-1.9.3.jar;D:\develop\software\apache-maven-3.9.6\mvn_repo\org\mockito\mockito-core\5.3.1\mockito-core-5.3.1.jar;D:\develop\software\apache-maven-3.9.6\mvn_repo\net\bytebuddy\byte-buddy-agent\1.14.4\byte-buddy-agent-1.14.4.jar;D:\develop\software\apache-maven-3.9.6\mvn_repo\org\objenesis\objenesis\3.3\objenesis-3.3.jar;D:\develop\software\apache-maven-3.9.6\mvn_repo\org\mockito\mockito-junit-jupiter\5.3.1\mockito-junit-jupiter-5.3.1.jar;D:\develop\software\apache-maven-3.9.6\mvn_repo\org\skyscreamer\jsonassert\1.5.1\jsonassert-1.5.1.jar;D:\develop\software\apache-maven-3.9.6\mvn_repo\com\vaadin\external\google\android-json\0.0.20131108.vaadin1\android-json-0.0.20131108.vaadin1.jar;D:\develop\software\apache-maven-3.9.6\mvn_repo\org\springframework\spring-core\6.0.9\spring-core-6.0.9.jar;D:\develop\software\apache-maven-3.9.6\mvn_repo\org\springframework\spring-jcl\6.0.9\spring-jcl-6.0.9.jar;D:\develop\software\apache-maven-3.9.6\mvn_repo\org\springframework\spring-test\6.0.9\spring-test-6.0.9.jar;D:\develop\software\apache-maven-3.9.6\mvn_repo\org\xmlunit\xmlunit-core\2.9.1\xmlunit-core-2.9.1.jar;D:\develop\software\apache-maven-3.9.6\mvn_repo\org\mybatis\spring\boot\mybatis-spring-boot-starter-test\3.0.3\mybatis-spring-boot-starter-test-3.0.3.jar;D:\develop\software\apache-maven-3.9.6\mvn_repo\org\mybatis\spring\boot\mybatis-spring-boot-test-autoconfigure\3.0.3\mybatis-spring-boot-test-autoconfigure-3.0.3.jar;D:\develop\software\apache-maven-3.9.6\mvn_repo\org\springframework\spring-tx\6.0.9\spring-tx-6.0.9.jar;D:\develop\software\apache-maven-3.9.6\mvn_repo\cn\hutool\hutool-all\5.8.26\hutool-all-5.8.26.jar;D:\develop\software\apache-maven-3.9.6\mvn_repo\com\auth0\java-jwt\4.3.0\java-jwt-4.3.0.jar;D:\develop\software\apache-maven-3.9.6\mvn_repo\com\fasterxml\jackson\core\jackson-databind\2.15.0\jackson-databind-2.15.0.jar;D:\develop\software\apache-maven-3.9.6\mvn_repo\com\fasterxml\jackson\core\jackson-annotations\2.15.0\jackson-annotations-2.15.0.jar;D:\develop\software\apache-maven-3.9.6\mvn_repo\com\fasterxml\jackson\core\jackson-core\2.15.0\jackson-core-2.15.0.jar;D:\develop\software\apache-maven-3.9.6\mvn_repo\org\projectlombok\lombok\1.18.30\lombok-1.18.30.jar;D:\develop\software\apache-maven-3.9.6\mvn_repo\com\aliyun\oss\aliyun-sdk-oss\3.15.1\aliyun-sdk-oss-3.15.1.jar;D:\develop\software\apache-maven-3.9.6\mvn_repo\org\apache\httpcomponents\httpclient\4.4.1\httpclient-4.4.1.jar;D:\develop\software\apache-maven-3.9.6\mvn_repo\org\apache\httpcomponents\httpcore\4.4.16\httpcore-4.4.16.jar;D:\develop\software\apache-maven-3.9.6\mvn_repo\commons-logging\commons-logging\1.2\commons-logging-1.2.jar;D:\develop\software\apache-maven-3.9.6\mvn_repo\commons-codec\commons-codec\1.15\commons-codec-1.15.jar;D:\develop\software\apache-maven-3.9.6\mvn_repo\org\jdom\jdom2\2.0.6.1\jdom2-2.0.6.1.jar;D:\develop\software\apache-maven-3.9.6\mvn_repo\org\codehaus\jettison\jettison\1.1\jettison-1.1.jar;D:\develop\software\apache-maven-3.9.6\mvn_repo\stax\stax-api\1.0.1\stax-api-1.0.1.jar;D:\develop\software\apache-maven-3.9.6\mvn_repo\com\aliyun\aliyun-java-sdk-core\4.5.10\aliyun-java-sdk-core-4.5.10.jar;D:\develop\software\apache-maven-3.9.6\mvn_repo\com\google\code\gson\gson\2.10.1\gson-2.10.1.jar;D:\develop\software\apache-maven-3.9.6\mvn_repo\javax\xml\bind\jaxb-api\2.3.1\jaxb-api-2.3.1.jar;D:\develop\software\apache-maven-3.9.6\mvn_repo\javax\activation\javax.activation-api\1.2.0\javax.activation-api-1.2.0.jar;D:\develop\software\apache-maven-3.9.6\mvn_repo\org\jacoco\org.jacoco.agent\0.8.5\org.jacoco.agent-0.8.5-runtime.jar;D:\develop\software\apache-maven-3.9.6\mvn_repo\org\ini4j\ini4j\0.5.4\ini4j-0.5.4.jar;D:\develop\software\apache-maven-3.9.6\mvn_repo\io\opentracing\opentracing-api\0.33.0\opentracing-api-0.33.0.jar;D:\develop\software\apache-maven-3.9.6\mvn_repo\io\opentracing\opentracing-util\0.33.0\opentracing-util-0.33.0.jar;D:\develop\software\apache-maven-3.9.6\mvn_repo\io\opentracing\opentracing-noop\0.33.0\opentracing-noop-0.33.0.jar;D:\develop\software\apache-maven-3.9.6\mvn_repo\com\aliyun\aliyun-java-sdk-ram\3.1.0\aliyun-java-sdk-ram-3.1.0.jar;D:\develop\software\apache-maven-3.9.6\mvn_repo\com\aliyun\aliyun-java-sdk-kms\2.11.0\aliyun-java-sdk-kms-2.11.0.jar;D:\develop\software\apache-maven-3.9.6\mvn_repo\com\alibaba\fastjson\1.2.76\fastjson-1.2.76.jar;D:\develop\software\apache-maven-3.9.6\mvn_repo\org\springframework\boot\spring-boot-starter-aop\3.1.0\spring-boot-starter-aop-3.1.0.jar;D:\develop\software\apache-maven-3.9.6\mvn_repo\org\springframework\spring-aop\6.0.9\spring-aop-6.0.9.jar;D:\develop\software\apache-maven-3.9.6\mvn_repo\org\aspectj\aspectjweaver\1.9.19\aspectjweaver-1.9.19.jar;D:\develop\software\apache-maven-3.9.6\mvn_repo\org\apache\poi\poi-ooxml\5.2.3\poi-ooxml-5.2.3.jar;D:\develop\software\apache-maven-3.9.6\mvn_repo\org\apache\poi\poi\5.2.3\poi-5.2.3.jar;D:\develop\software\apache-maven-3.9.6\mvn_repo\org\apache\commons\commons-math3\3.6.1\commons-math3-3.6.1.jar;D:\develop\software\apache-maven-3.9.6\mvn_repo\com\zaxxer\SparseBitSet\1.2\SparseBitSet-1.2.jar;D:\develop\software\apache-maven-3.9.6\mvn_repo\org\apache\poi\poi-ooxml-lite\5.2.3\poi-ooxml-lite-5.2.3.jar;D:\develop\software\apache-maven-3.9.6\mvn_repo\org\apache\xmlbeans\xmlbeans\5.1.1\xmlbeans-5.1.1.jar;D:\develop\software\apache-maven-3.9.6\mvn_repo\org\apache\commons\commons-compress\1.21\commons-compress-1.21.jar;D:\develop\software\apache-maven-3.9.6\mvn_repo\commons-io\commons-io\2.11.0\commons-io-2.11.0.jar;D:\develop\software\apache-maven-3.9.6\mvn_repo\com\github\virtuald\curvesapi\1.07\curvesapi-1.07.jar;D:\develop\software\apache-maven-3.9.6\mvn_repo\org\apache\logging\log4j\log4j-api\2.20.0\log4j-api-2.20.0.jar;D:\develop\software\apache-maven-3.9.6\mvn_repo\org\apache\commons\commons-collections4\4.4\commons-collections4-4.4.jar;D:\develop\idea_project\java_project\blog_manage\blog_framework\target\blog_framework-0.0.1-SNAPSHOT.jar;D:\develop\idea_project\java_project\blog_manage\blog_system\target\blog_system-0.0.1-SNAPSHOT.jar;D:\develop\idea_project\java_project\blog_manage\blog_common\target\blog_common-0.0.1-SNAPSHOT.jar;D:\develop\software\apache-maven-3.9.6\mvn_repo\io\jsonwebtoken\jjwt\0.9.1\jjwt-0.9.1.jar;D:\develop\software\apache-maven-3.9.6\mvn_repo\org\springframework\boot\spring-boot-starter-data-redis\3.1.0\spring-boot-starter-data-redis-3.1.0.jar;D:\develop\software\apache-maven-3.9.6\mvn_repo\org\springframework\data\spring-data-redis\3.1.0\spring-data-redis-3.1.0.jar;D:\develop\software\apache-maven-3.9.6\mvn_repo\org\springframework\data\spring-data-keyvalue\3.1.0\spring-data-keyvalue-3.1.0.jar;D:\develop\software\apache-maven-3.9.6\mvn_repo\org\springframework\data\spring-data-commons\3.1.0\spring-data-commons-3.1.0.jar;D:\develop\software\apache-maven-3.9.6\mvn_repo\org\springframework\spring-oxm\6.0.9\spring-oxm-6.0.9.jar;D:\develop\software\apache-maven-3.9.6\mvn_repo\org\springframework\spring-context-support\6.0.9\spring-context-support-6.0.9.jar;D:\develop\software\apache-maven-3.9.6\mvn_repo\io\lettuce\lettuce-core\6.2.4.RELEASE\lettuce-core-6.2.4.RELEASE.jar;D:\develop\software\apache-maven-3.9.6\mvn_repo\io\netty\netty-common\4.1.92.Final\netty-common-4.1.92.Final.jar;D:\develop\software\apache-maven-3.9.6\mvn_repo\io\netty\netty-handler\4.1.92.Final\netty-handler-4.1.92.Final.jar;D:\develop\software\apache-maven-3.9.6\mvn_repo\io\netty\netty-resolver\4.1.92.Final\netty-resolver-4.1.92.Final.jar;D:\develop\software\apache-maven-3.9.6\mvn_repo\io\netty\netty-buffer\4.1.92.Final\netty-buffer-4.1.92.Final.jar;D:\develop\software\apache-maven-3.9.6\mvn_repo\io\netty\netty-transport-native-unix-common\4.1.92.Final\netty-transport-native-unix-common-4.1.92.Final.jar;D:\develop\software\apache-maven-3.9.6\mvn_repo\io\netty\netty-codec\4.1.92.Final\netty-codec-4.1.92.Final.jar;D:\develop\software\apache-maven-3.9.6\mvn_repo\io\netty\netty-transport\4.1.92.Final\netty-transport-4.1.92.Final.jar;D:\develop\software\apache-maven-3.9.6\mvn_repo\io\projectreactor\reactor-core\3.5.6\reactor-core-3.5.6.jar;D:\develop\software\apache-maven-3.9.6\mvn_repo\org\reactivestreams\reactive-streams\1.0.4\reactive-streams-1.0.4.jar;"/>
    <property name="java.vm.vendor" value="Amazon.com Inc."/>
    <property name="sun.arch.data.model" value="64"/>
    <property name="user.variant" value=""/>
    <property name="java.vendor.url" value="https://aws.amazon.com/corretto/"/>
    <property name="user.timezone" value="Asia/Shanghai"/>
    <property name="os.name" value="Windows 11"/>
    <property name="java.vm.specification.version" value="17"/>
    <property name="sun.java.launcher" value="SUN_STANDARD"/>
    <property name="user.country" value="CN"/>
    <property name="sun.boot.library.path" value="D:\develop\software\jdk_17\bin"/>
    <property name="sun.java.command" value="C:\Users\李东升\AppData\Local\Temp\surefire10209318361231769745\surefirebooter-20250119120400527_3.jar C:\Users\李东升\AppData\Local\Temp\surefire10209318361231769745 2025-01-19T12-03-54_571-jvmRun1 surefire-20250119120400527_1tmp surefire_0-20250119120400527_2tmp"/>
    <property name="jdk.debug" value="release"/>
    <property name="surefire.test.class.path" value="D:\develop\idea_project\java_project\blog_manage\blog_admin\target\test-classes;D:\develop\idea_project\java_project\blog_manage\blog_admin\target\classes;D:\develop\software\apache-maven-3.9.6\mvn_repo\org\springframework\boot\spring-boot-starter-web\3.1.0\spring-boot-starter-web-3.1.0.jar;D:\develop\software\apache-maven-3.9.6\mvn_repo\org\springframework\boot\spring-boot-starter\3.1.0\spring-boot-starter-3.1.0.jar;D:\develop\software\apache-maven-3.9.6\mvn_repo\org\springframework\boot\spring-boot\3.1.0\spring-boot-3.1.0.jar;D:\develop\software\apache-maven-3.9.6\mvn_repo\org\springframework\boot\spring-boot-autoconfigure\3.1.0\spring-boot-autoconfigure-3.1.0.jar;D:\develop\software\apache-maven-3.9.6\mvn_repo\org\springframework\boot\spring-boot-starter-logging\3.1.0\spring-boot-starter-logging-3.1.0.jar;D:\develop\software\apache-maven-3.9.6\mvn_repo\ch\qos\logback\logback-classic\1.4.7\logback-classic-1.4.7.jar;D:\develop\software\apache-maven-3.9.6\mvn_repo\ch\qos\logback\logback-core\1.4.7\logback-core-1.4.7.jar;D:\develop\software\apache-maven-3.9.6\mvn_repo\org\apache\logging\log4j\log4j-to-slf4j\2.20.0\log4j-to-slf4j-2.20.0.jar;D:\develop\software\apache-maven-3.9.6\mvn_repo\org\slf4j\jul-to-slf4j\2.0.7\jul-to-slf4j-2.0.7.jar;D:\develop\software\apache-maven-3.9.6\mvn_repo\jakarta\annotation\jakarta.annotation-api\2.1.1\jakarta.annotation-api-2.1.1.jar;D:\develop\software\apache-maven-3.9.6\mvn_repo\org\yaml\snakeyaml\1.33\snakeyaml-1.33.jar;D:\develop\software\apache-maven-3.9.6\mvn_repo\org\springframework\boot\spring-boot-starter-json\3.1.0\spring-boot-starter-json-3.1.0.jar;D:\develop\software\apache-maven-3.9.6\mvn_repo\com\fasterxml\jackson\datatype\jackson-datatype-jdk8\2.15.0\jackson-datatype-jdk8-2.15.0.jar;D:\develop\software\apache-maven-3.9.6\mvn_repo\com\fasterxml\jackson\datatype\jackson-datatype-jsr310\2.15.0\jackson-datatype-jsr310-2.15.0.jar;D:\develop\software\apache-maven-3.9.6\mvn_repo\com\fasterxml\jackson\module\jackson-module-parameter-names\2.15.0\jackson-module-parameter-names-2.15.0.jar;D:\develop\software\apache-maven-3.9.6\mvn_repo\org\springframework\boot\spring-boot-starter-tomcat\3.1.0\spring-boot-starter-tomcat-3.1.0.jar;D:\develop\software\apache-maven-3.9.6\mvn_repo\org\apache\tomcat\embed\tomcat-embed-core\10.1.8\tomcat-embed-core-10.1.8.jar;D:\develop\software\apache-maven-3.9.6\mvn_repo\org\apache\tomcat\embed\tomcat-embed-el\10.1.8\tomcat-embed-el-10.1.8.jar;D:\develop\software\apache-maven-3.9.6\mvn_repo\org\apache\tomcat\embed\tomcat-embed-websocket\10.1.8\tomcat-embed-websocket-10.1.8.jar;D:\develop\software\apache-maven-3.9.6\mvn_repo\org\springframework\spring-web\6.0.9\spring-web-6.0.9.jar;D:\develop\software\apache-maven-3.9.6\mvn_repo\org\springframework\spring-beans\6.0.9\spring-beans-6.0.9.jar;D:\develop\software\apache-maven-3.9.6\mvn_repo\io\micrometer\micrometer-observation\1.11.0\micrometer-observation-1.11.0.jar;D:\develop\software\apache-maven-3.9.6\mvn_repo\io\micrometer\micrometer-commons\1.11.0\micrometer-commons-1.11.0.jar;D:\develop\software\apache-maven-3.9.6\mvn_repo\org\springframework\spring-webmvc\6.0.9\spring-webmvc-6.0.9.jar;D:\develop\software\apache-maven-3.9.6\mvn_repo\org\springframework\spring-context\6.0.9\spring-context-6.0.9.jar;D:\develop\software\apache-maven-3.9.6\mvn_repo\org\springframework\spring-expression\6.0.9\spring-expression-6.0.9.jar;D:\develop\software\apache-maven-3.9.6\mvn_repo\org\mybatis\spring\boot\mybatis-spring-boot-starter\3.0.3\mybatis-spring-boot-starter-3.0.3.jar;D:\develop\software\apache-maven-3.9.6\mvn_repo\org\springframework\boot\spring-boot-starter-jdbc\3.1.0\spring-boot-starter-jdbc-3.1.0.jar;D:\develop\software\apache-maven-3.9.6\mvn_repo\com\zaxxer\HikariCP\5.0.1\HikariCP-5.0.1.jar;D:\develop\software\apache-maven-3.9.6\mvn_repo\org\springframework\spring-jdbc\6.0.9\spring-jdbc-6.0.9.jar;D:\develop\software\apache-maven-3.9.6\mvn_repo\org\mybatis\spring\boot\mybatis-spring-boot-autoconfigure\3.0.3\mybatis-spring-boot-autoconfigure-3.0.3.jar;D:\develop\software\apache-maven-3.9.6\mvn_repo\org\mybatis\mybatis\3.5.14\mybatis-3.5.14.jar;D:\develop\software\apache-maven-3.9.6\mvn_repo\org\mybatis\mybatis-spring\3.0.3\mybatis-spring-3.0.3.jar;D:\develop\software\apache-maven-3.9.6\mvn_repo\mysql\mysql-connector-java\8.0.30\mysql-connector-java-8.0.30.jar;D:\develop\software\apache-maven-3.9.6\mvn_repo\com\google\protobuf\protobuf-java\3.19.4\protobuf-java-3.19.4.jar;D:\develop\software\apache-maven-3.9.6\mvn_repo\org\springframework\boot\spring-boot-starter-test\3.1.0\spring-boot-starter-test-3.1.0.jar;D:\develop\software\apache-maven-3.9.6\mvn_repo\org\springframework\boot\spring-boot-test\3.1.0\spring-boot-test-3.1.0.jar;D:\develop\software\apache-maven-3.9.6\mvn_repo\org\springframework\boot\spring-boot-test-autoconfigure\3.1.0\spring-boot-test-autoconfigure-3.1.0.jar;D:\develop\software\apache-maven-3.9.6\mvn_repo\com\jayway\jsonpath\json-path\2.8.0\json-path-2.8.0.jar;D:\develop\software\apache-maven-3.9.6\mvn_repo\org\slf4j\slf4j-api\2.0.7\slf4j-api-2.0.7.jar;D:\develop\software\apache-maven-3.9.6\mvn_repo\jakarta\xml\bind\jakarta.xml.bind-api\4.0.0\jakarta.xml.bind-api-4.0.0.jar;D:\develop\software\apache-maven-3.9.6\mvn_repo\jakarta\activation\jakarta.activation-api\2.1.2\jakarta.activation-api-2.1.2.jar;D:\develop\software\apache-maven-3.9.6\mvn_repo\net\minidev\json-smart\2.4.10\json-smart-2.4.10.jar;D:\develop\software\apache-maven-3.9.6\mvn_repo\net\minidev\accessors-smart\2.4.9\accessors-smart-2.4.9.jar;D:\develop\software\apache-maven-3.9.6\mvn_repo\org\ow2\asm\asm\9.3\asm-9.3.jar;D:\develop\software\apache-maven-3.9.6\mvn_repo\org\assertj\assertj-core\3.24.2\assertj-core-3.24.2.jar;D:\develop\software\apache-maven-3.9.6\mvn_repo\net\bytebuddy\byte-buddy\1.14.4\byte-buddy-1.14.4.jar;D:\develop\software\apache-maven-3.9.6\mvn_repo\org\hamcrest\hamcrest\2.2\hamcrest-2.2.jar;D:\develop\software\apache-maven-3.9.6\mvn_repo\org\junit\jupiter\junit-jupiter\5.9.3\junit-jupiter-5.9.3.jar;D:\develop\software\apache-maven-3.9.6\mvn_repo\org\junit\jupiter\junit-jupiter-api\5.9.3\junit-jupiter-api-5.9.3.jar;D:\develop\software\apache-maven-3.9.6\mvn_repo\org\opentest4j\opentest4j\1.2.0\opentest4j-1.2.0.jar;D:\develop\software\apache-maven-3.9.6\mvn_repo\org\junit\platform\junit-platform-commons\1.9.3\junit-platform-commons-1.9.3.jar;D:\develop\software\apache-maven-3.9.6\mvn_repo\org\apiguardian\apiguardian-api\1.1.2\apiguardian-api-1.1.2.jar;D:\develop\software\apache-maven-3.9.6\mvn_repo\org\junit\jupiter\junit-jupiter-params\5.9.3\junit-jupiter-params-5.9.3.jar;D:\develop\software\apache-maven-3.9.6\mvn_repo\org\junit\jupiter\junit-jupiter-engine\5.9.3\junit-jupiter-engine-5.9.3.jar;D:\develop\software\apache-maven-3.9.6\mvn_repo\org\junit\platform\junit-platform-engine\1.9.3\junit-platform-engine-1.9.3.jar;D:\develop\software\apache-maven-3.9.6\mvn_repo\org\mockito\mockito-core\5.3.1\mockito-core-5.3.1.jar;D:\develop\software\apache-maven-3.9.6\mvn_repo\net\bytebuddy\byte-buddy-agent\1.14.4\byte-buddy-agent-1.14.4.jar;D:\develop\software\apache-maven-3.9.6\mvn_repo\org\objenesis\objenesis\3.3\objenesis-3.3.jar;D:\develop\software\apache-maven-3.9.6\mvn_repo\org\mockito\mockito-junit-jupiter\5.3.1\mockito-junit-jupiter-5.3.1.jar;D:\develop\software\apache-maven-3.9.6\mvn_repo\org\skyscreamer\jsonassert\1.5.1\jsonassert-1.5.1.jar;D:\develop\software\apache-maven-3.9.6\mvn_repo\com\vaadin\external\google\android-json\0.0.20131108.vaadin1\android-json-0.0.20131108.vaadin1.jar;D:\develop\software\apache-maven-3.9.6\mvn_repo\org\springframework\spring-core\6.0.9\spring-core-6.0.9.jar;D:\develop\software\apache-maven-3.9.6\mvn_repo\org\springframework\spring-jcl\6.0.9\spring-jcl-6.0.9.jar;D:\develop\software\apache-maven-3.9.6\mvn_repo\org\springframework\spring-test\6.0.9\spring-test-6.0.9.jar;D:\develop\software\apache-maven-3.9.6\mvn_repo\org\xmlunit\xmlunit-core\2.9.1\xmlunit-core-2.9.1.jar;D:\develop\software\apache-maven-3.9.6\mvn_repo\org\mybatis\spring\boot\mybatis-spring-boot-starter-test\3.0.3\mybatis-spring-boot-starter-test-3.0.3.jar;D:\develop\software\apache-maven-3.9.6\mvn_repo\org\mybatis\spring\boot\mybatis-spring-boot-test-autoconfigure\3.0.3\mybatis-spring-boot-test-autoconfigure-3.0.3.jar;D:\develop\software\apache-maven-3.9.6\mvn_repo\org\springframework\spring-tx\6.0.9\spring-tx-6.0.9.jar;D:\develop\software\apache-maven-3.9.6\mvn_repo\cn\hutool\hutool-all\5.8.26\hutool-all-5.8.26.jar;D:\develop\software\apache-maven-3.9.6\mvn_repo\com\auth0\java-jwt\4.3.0\java-jwt-4.3.0.jar;D:\develop\software\apache-maven-3.9.6\mvn_repo\com\fasterxml\jackson\core\jackson-databind\2.15.0\jackson-databind-2.15.0.jar;D:\develop\software\apache-maven-3.9.6\mvn_repo\com\fasterxml\jackson\core\jackson-annotations\2.15.0\jackson-annotations-2.15.0.jar;D:\develop\software\apache-maven-3.9.6\mvn_repo\com\fasterxml\jackson\core\jackson-core\2.15.0\jackson-core-2.15.0.jar;D:\develop\software\apache-maven-3.9.6\mvn_repo\org\projectlombok\lombok\1.18.30\lombok-1.18.30.jar;D:\develop\software\apache-maven-3.9.6\mvn_repo\com\aliyun\oss\aliyun-sdk-oss\3.15.1\aliyun-sdk-oss-3.15.1.jar;D:\develop\software\apache-maven-3.9.6\mvn_repo\org\apache\httpcomponents\httpclient\4.4.1\httpclient-4.4.1.jar;D:\develop\software\apache-maven-3.9.6\mvn_repo\org\apache\httpcomponents\httpcore\4.4.16\httpcore-4.4.16.jar;D:\develop\software\apache-maven-3.9.6\mvn_repo\commons-logging\commons-logging\1.2\commons-logging-1.2.jar;D:\develop\software\apache-maven-3.9.6\mvn_repo\commons-codec\commons-codec\1.15\commons-codec-1.15.jar;D:\develop\software\apache-maven-3.9.6\mvn_repo\org\jdom\jdom2\2.0.6.1\jdom2-2.0.6.1.jar;D:\develop\software\apache-maven-3.9.6\mvn_repo\org\codehaus\jettison\jettison\1.1\jettison-1.1.jar;D:\develop\software\apache-maven-3.9.6\mvn_repo\stax\stax-api\1.0.1\stax-api-1.0.1.jar;D:\develop\software\apache-maven-3.9.6\mvn_repo\com\aliyun\aliyun-java-sdk-core\4.5.10\aliyun-java-sdk-core-4.5.10.jar;D:\develop\software\apache-maven-3.9.6\mvn_repo\com\google\code\gson\gson\2.10.1\gson-2.10.1.jar;D:\develop\software\apache-maven-3.9.6\mvn_repo\javax\xml\bind\jaxb-api\2.3.1\jaxb-api-2.3.1.jar;D:\develop\software\apache-maven-3.9.6\mvn_repo\javax\activation\javax.activation-api\1.2.0\javax.activation-api-1.2.0.jar;D:\develop\software\apache-maven-3.9.6\mvn_repo\org\jacoco\org.jacoco.agent\0.8.5\org.jacoco.agent-0.8.5-runtime.jar;D:\develop\software\apache-maven-3.9.6\mvn_repo\org\ini4j\ini4j\0.5.4\ini4j-0.5.4.jar;D:\develop\software\apache-maven-3.9.6\mvn_repo\io\opentracing\opentracing-api\0.33.0\opentracing-api-0.33.0.jar;D:\develop\software\apache-maven-3.9.6\mvn_repo\io\opentracing\opentracing-util\0.33.0\opentracing-util-0.33.0.jar;D:\develop\software\apache-maven-3.9.6\mvn_repo\io\opentracing\opentracing-noop\0.33.0\opentracing-noop-0.33.0.jar;D:\develop\software\apache-maven-3.9.6\mvn_repo\com\aliyun\aliyun-java-sdk-ram\3.1.0\aliyun-java-sdk-ram-3.1.0.jar;D:\develop\software\apache-maven-3.9.6\mvn_repo\com\aliyun\aliyun-java-sdk-kms\2.11.0\aliyun-java-sdk-kms-2.11.0.jar;D:\develop\software\apache-maven-3.9.6\mvn_repo\com\alibaba\fastjson\1.2.76\fastjson-1.2.76.jar;D:\develop\software\apache-maven-3.9.6\mvn_repo\org\springframework\boot\spring-boot-starter-aop\3.1.0\spring-boot-starter-aop-3.1.0.jar;D:\develop\software\apache-maven-3.9.6\mvn_repo\org\springframework\spring-aop\6.0.9\spring-aop-6.0.9.jar;D:\develop\software\apache-maven-3.9.6\mvn_repo\org\aspectj\aspectjweaver\1.9.19\aspectjweaver-1.9.19.jar;D:\develop\software\apache-maven-3.9.6\mvn_repo\org\apache\poi\poi-ooxml\5.2.3\poi-ooxml-5.2.3.jar;D:\develop\software\apache-maven-3.9.6\mvn_repo\org\apache\poi\poi\5.2.3\poi-5.2.3.jar;D:\develop\software\apache-maven-3.9.6\mvn_repo\org\apache\commons\commons-math3\3.6.1\commons-math3-3.6.1.jar;D:\develop\software\apache-maven-3.9.6\mvn_repo\com\zaxxer\SparseBitSet\1.2\SparseBitSet-1.2.jar;D:\develop\software\apache-maven-3.9.6\mvn_repo\org\apache\poi\poi-ooxml-lite\5.2.3\poi-ooxml-lite-5.2.3.jar;D:\develop\software\apache-maven-3.9.6\mvn_repo\org\apache\xmlbeans\xmlbeans\5.1.1\xmlbeans-5.1.1.jar;D:\develop\software\apache-maven-3.9.6\mvn_repo\org\apache\commons\commons-compress\1.21\commons-compress-1.21.jar;D:\develop\software\apache-maven-3.9.6\mvn_repo\commons-io\commons-io\2.11.0\commons-io-2.11.0.jar;D:\develop\software\apache-maven-3.9.6\mvn_repo\com\github\virtuald\curvesapi\1.07\curvesapi-1.07.jar;D:\develop\software\apache-maven-3.9.6\mvn_repo\org\apache\logging\log4j\log4j-api\2.20.0\log4j-api-2.20.0.jar;D:\develop\software\apache-maven-3.9.6\mvn_repo\org\apache\commons\commons-collections4\4.4\commons-collections4-4.4.jar;D:\develop\idea_project\java_project\blog_manage\blog_framework\target\blog_framework-0.0.1-SNAPSHOT.jar;D:\develop\idea_project\java_project\blog_manage\blog_system\target\blog_system-0.0.1-SNAPSHOT.jar;D:\develop\idea_project\java_project\blog_manage\blog_common\target\blog_common-0.0.1-SNAPSHOT.jar;D:\develop\software\apache-maven-3.9.6\mvn_repo\io\jsonwebtoken\jjwt\0.9.1\jjwt-0.9.1.jar;D:\develop\software\apache-maven-3.9.6\mvn_repo\org\springframework\boot\spring-boot-starter-data-redis\3.1.0\spring-boot-starter-data-redis-3.1.0.jar;D:\develop\software\apache-maven-3.9.6\mvn_repo\org\springframework\data\spring-data-redis\3.1.0\spring-data-redis-3.1.0.jar;D:\develop\software\apache-maven-3.9.6\mvn_repo\org\springframework\data\spring-data-keyvalue\3.1.0\spring-data-keyvalue-3.1.0.jar;D:\develop\software\apache-maven-3.9.6\mvn_repo\org\springframework\data\spring-data-commons\3.1.0\spring-data-commons-3.1.0.jar;D:\develop\software\apache-maven-3.9.6\mvn_repo\org\springframework\spring-oxm\6.0.9\spring-oxm-6.0.9.jar;D:\develop\software\apache-maven-3.9.6\mvn_repo\org\springframework\spring-context-support\6.0.9\spring-context-support-6.0.9.jar;D:\develop\software\apache-maven-3.9.6\mvn_repo\io\lettuce\lettuce-core\6.2.4.RELEASE\lettuce-core-6.2.4.RELEASE.jar;D:\develop\software\apache-maven-3.9.6\mvn_repo\io\netty\netty-common\4.1.92.Final\netty-common-4.1.92.Final.jar;D:\develop\software\apache-maven-3.9.6\mvn_repo\io\netty\netty-handler\4.1.92.Final\netty-handler-4.1.92.Final.jar;D:\develop\software\apache-maven-3.9.6\mvn_repo\io\netty\netty-resolver\4.1.92.Final\netty-resolver-4.1.92.Final.jar;D:\develop\software\apache-maven-3.9.6\mvn_repo\io\netty\netty-buffer\4.1.92.Final\netty-buffer-4.1.92.Final.jar;D:\develop\software\apache-maven-3.9.6\mvn_repo\io\netty\netty-transport-native-unix-common\4.1.92.Final\netty-transport-native-unix-common-4.1.92.Final.jar;D:\develop\software\apache-maven-3.9.6\mvn_repo\io\netty\netty-codec\4.1.92.Final\netty-codec-4.1.92.Final.jar;D:\develop\software\apache-maven-3.9.6\mvn_repo\io\netty\netty-transport\4.1.92.Final\netty-transport-4.1.92.Final.jar;D:\develop\software\apache-maven-3.9.6\mvn_repo\io\projectreactor\reactor-core\3.5.6\reactor-core-3.5.6.jar;D:\develop\software\apache-maven-3.9.6\mvn_repo\org\reactivestreams\reactive-streams\1.0.4\reactive-streams-1.0.4.jar;"/>
    <property name="sun.cpu.endian" value="little"/>
    <property name="user.home" value="C:\Users\李东升"/>
    <property name="user.language" value="zh"/>
    <property name="java.specification.vendor" value="Oracle Corporation"/>
    <property name="java.version.date" value="2024-10-15"/>
    <property name="java.home" value="D:\develop\software\jdk_17"/>
    <property name="file.separator" value="\"/>
    <property name="basedir" value="D:\develop\idea_project\java_project\blog_manage\blog_admin"/>
    <property name="java.vm.compressedOopsMode" value="Zero based"/>
    <property name="line.separator" value="&#10;"/>
    <property name="java.vm.specification.vendor" value="Oracle Corporation"/>
    <property name="java.specification.name" value="Java Platform API Specification"/>
    <property name="surefire.real.class.path" value="C:\Users\李东升\AppData\Local\Temp\surefire10209318361231769745\surefirebooter-20250119120400527_3.jar"/>
    <property name="user.script" value=""/>
    <property name="sun.management.compiler" value="HotSpot 64-Bit Tiered Compilers"/>
    <property name="java.runtime.version" value="17.0.13+11-LTS"/>
    <property name="user.name" value="李东升"/>
    <property name="path.separator" value=";"/>
    <property name="os.version" value="10.0"/>
    <property name="java.runtime.name" value="OpenJDK Runtime Environment"/>
    <property name="file.encoding" value="GBK"/>
    <property name="java.vm.name" value="OpenJDK 64-Bit Server VM"/>
    <property name="java.vendor.version" value="Corretto-17.0.13.11.1"/>
    <property name="localRepository" value="D:\develop\software\apache-maven-3.9.6\mvn_repo"/>
    <property name="java.vendor.url.bug" value="https://github.com/corretto/corretto-17/issues/"/>
    <property name="java.io.tmpdir" value="C:\Users\李东升\AppData\Local\Temp\"/>
    <property name="idea.version" value="2024.1.1"/>
    <property name="java.version" value="17.0.13"/>
    <property name="user.dir" value="D:\develop\idea_project\java_project\blog_manage\blog_admin"/>
    <property name="os.arch" value="amd64"/>
    <property name="java.vm.specification.name" value="Java Virtual Machine Specification"/>
    <property name="sun.os.patch.level" value=""/>
    <property name="native.encoding" value="GBK"/>
    <property name="java.library.path" value="D:\develop\software\jdk_17\bin;C:\Windows\Sun\Java\bin;C:\Windows\system32;C:\Windows;D:\develop\software\jdk_17\bin;C:\Program Files\Common Files\Oracle\Java\javapath;C:\Program Files (x86)\Common Files\Oracle\Java\javapath;C:\Windows\system32;C:\Windows;C:\Windows\System32\Wbem;C:\Windows\System32\WindowsPowerShell\v1.0\;C:\Windows\System32\OpenSSH\;C:\Program Files (x86)\NVIDIA Corporation\PhysX\Common;C:\Program Files\NVIDIA Corporation\NVIDIA NvDLISR;C:\Program Files\MySQL\MySQL Server 8.0\bin;D:\develop\software\apache-maven-3.9.6\bin;D:\develop\software\微信web开发者工具\dll;D:\develop\software\node-v18.19.0;D:\develop\software\apache-tomcat-9.0.37\bin;C:\Program Files\Git\cmd;D:\develop\software\python\Scripts\;D:\develop\software\python\;C:\Users\李东升\AppData\Local\Programs\Python\Launcher\;C:\Users\李东升\AppData\Local\Microsoft\WindowsApps;;%IntelliJ IDEA Community Edition%;C:\Users\李东升\AppData\Roaming\npm;D:\develop\software\Microsoft VS Code\bin;D:\develop\software\idea_src\PyCharm 2024.3.1.1\bin;;D:\develop\software\idea_src\WebStorm 2024.3.1.1\bin;;D:\develop\software\cpolar\;."/>
    <property name="java.vm.info" value="mixed mode, sharing"/>
    <property name="java.vendor" value="Amazon.com Inc."/>
    <property name="java.vm.version" value="17.0.13+11-LTS"/>
    <property name="java.specification.maintenance.version" value="1"/>
    <property name="sun.io.unicode.encoding" value="UnicodeLittle"/>
    <property name="maven.repo.local" value="D:\develop\software\apache-maven-3.9.6\mvn_repo"/>
    <property name="java.class.version" value="61.0"/>
  </properties>
  <testcase name="getCaptcha" classname="com.example.springboot.TestBeanApi" time="0.347"/>
</testsuite>